[2022-Feb-16 09:29:55] [INFO] [MainThread] Bot Iniciado. Versao: 1.00
[2022-Feb-16 09:39:20] [INFO] [MainThread] Bot Iniciado. Versao: 1.00
[2022-Feb-16 09:40:46] [INFO] [MainThread] Bot Iniciado. Versao: 1.00
[2022-Feb-16 09:41:45] [INFO] [MainThread] Bot Iniciado. Versao: 1.00
[2022-Feb-16 09:42:27] [INFO] [MainThread] Confirm victory encontrado
[2022-Feb-16 09:43:09] [INFO] [MainThread] Bot Iniciado. Versao: 1.00
[2022-Feb-16 09:44:16] [INFO] [MainThread] Starting Login
[2022-Feb-16 09:55:18] [INFO] [MainThread] Starting Login
[2022-Feb-16 09:56:29] [INFO] [MainThread] Bot Iniciado. Versao: 1.00
[2022-Feb-16 09:56:32] [INFO] [MainThread] Starting Login
[2022-Feb-16 09:56:52] [INFO] [MainThread] played SPG
[2022-Feb-16 09:57:41] [INFO] [MainThread] Refresh Spaceship to Fight
[2022-Feb-16 09:59:09] [INFO] [MainThread] Bot Iniciado. Versao: 1.00
[2022-Feb-16 09:59:50] [INFO] [MainThread] Bot Iniciado. Versao: 1.00
[2022-Feb-16 10:00:09] [INFO] [MainThread] Refresh Spaceship to Fight
[2022-Feb-16 10:01:49] [INFO] [MainThread] Bot Iniciado. Versao: 1.00
[2022-Feb-16 10:02:12] [INFO] [MainThread] Refresh Spaceship to Fight
[2022-Feb-16 10:05:17] [INFO] [MainThread] Bot Iniciado. Versao: 1.00
[2022-Feb-16 10:05:25] [INFO] [MainThread] Refresh Spaceship to Fight
[2022-Feb-16 10:05:28] [INFO] [MainThread] Spaceships sent to Fight: 0
[2022-Feb-16 10:05:31] [INFO] [MainThread] Spaceships sent to Fight: 0
[2022-Feb-16 10:05:35] [INFO] [MainThread] Spaceships sent to Fight: 0
[2022-Feb-16 10:05:38] [INFO] [MainThread] Spaceships sent to Fight: 0
[2022-Feb-16 10:05:41] [INFO] [MainThread] Spaceships sent to Fight: 0
[2022-Feb-16 10:05:45] [INFO] [MainThread] Spaceships sent to Fight: 0
[2022-Feb-16 10:05:48] [INFO] [MainThread] Spaceships sent to Fight: 0
[2022-Feb-16 10:05:52] [INFO] [MainThread] Spaceships sent to Fight: 0
[2022-Feb-16 10:05:55] [INFO] [MainThread] Spaceships sent to Fight: 0
[2022-Feb-16 10:05:58] [INFO] [MainThread] Spaceships sent to Fight: 0
[2022-Feb-16 10:06:02] [INFO] [MainThread] Spaceships sent to Fight: 0
[2022-Feb-16 10:06:05] [INFO] [MainThread] Spaceships sent to Fight: 0
[2022-Feb-16 10:06:08] [INFO] [MainThread] Spaceships sent to Fight: 0
[2022-Feb-16 10:06:11] [INFO] [MainThread] Spaceships sent to Fight: 0
[2022-Feb-16 10:06:13] [INFO] [MainThread] Spaceships sent to Fight: 0
[2022-Feb-16 10:06:14] [INFO] [MainThread] Refresh Spaceship to Fight
[2022-Feb-16 10:06:17] [INFO] [MainThread] Spaceships sent to Fight: 0
[2022-Feb-16 10:06:20] [INFO] [MainThread] Spaceships sent to Fight: 0
[2022-Feb-16 10:06:22] [INFO] [MainThread] Spaceships sent to Fight: 0
[2022-Feb-16 10:06:25] [INFO] [MainThread] Spaceships sent to Fight: 0
[2022-Feb-16 10:06:28] [INFO] [MainThread] Spaceships sent to Fight: 0
[2022-Feb-16 10:06:31] [INFO] [MainThread] Spaceships sent to Fight: 0
[2022-Feb-16 10:06:34] [INFO] [MainThread] Spaceships sent to Fight: 0
[2022-Feb-16 10:06:37] [INFO] [MainThread] Spaceships sent to Fight: 0
[2022-Feb-16 10:06:39] [INFO] [MainThread] Spaceships sent to Fight: 0
[2022-Feb-16 10:06:42] [INFO] [MainThread] Spaceships sent to Fight: 0
[2022-Feb-16 10:06:45] [INFO] [MainThread] Spaceships sent to Fight: 0
[2022-Feb-16 10:06:48] [INFO] [MainThread] Spaceships sent to Fight: 0
[2022-Feb-16 10:06:56] [INFO] [MainThread] Bot Iniciado. Versao: 1.00
[2022-Feb-16 10:06:59] [INFO] [MainThread] Starting Login
[2022-Feb-16 10:07:20] [INFO] [MainThread] played SPG
[2022-Feb-16 10:08:03] [INFO] [MainThread] Refresh Spaceship to Fight
[2022-Feb-16 10:08:14] [INFO] [MainThread] Spaceships sent to Fight: 3
[2022-Feb-16 10:08:24] [INFO] [MainThread] Spaceships sent to Fight: 6
[2022-Feb-16 10:08:35] [INFO] [MainThread] Spaceships sent to Fight: 9
